http://sfnt1060/servlet/com.soluzionasf.ocen.bdi.comun.servlets.CenBdiServlet

<?xml version="1.0" encoding="ISO-8859-1"?>
	<content 
		method="CenBdiUpdateGroupMail" 
		sessionId="sfnt1060--232daf10:f40a383e15:-7fca" 
		authorityId="sfnt1060.OCEN.ssn-1" 
		user="23" 
		userName="Alberto Muñoz Mena" 
		language="es" country="ES">
		<UpdateGroupMail>
			<Id_Correo_Grupo>1</Id_Correo_Grupo>
			<Optimist_Lock>0</Optimist_Lock>
			<Nombre_Grupo>Numero 1</Nombre_Grupo>
			<Privado>S</Privado>
			<User_Id>23</User_Id>
		</UpdateGroupMail>
		<UpdateGroupMailDetail>
			<Id_Correo_Grupo>1</Id_Correo_Grupo>
			<Id_Correo_Electronico>1</Id_Correo_Electronico>
		</UpdateGroupMailDetail>
		<UpdateGroupMailDetail>
			<Id_Correo_Grupo>1</Id_Correo_Grupo>
			<Id_Correo_Electronico>2</Id_Correo_Electronico>
		</UpdateGroupMailDetail>
		<UpdateGroupMailDetail>
			<Id_Correo_Grupo>1</Id_Correo_Grupo>
			<Id_Correo_Electronico>3</Id_Correo_Electronico>
		</UpdateGroupMailDetail>
		<UpdateGroupMailDetail>
			<Id_Correo_Grupo>1</Id_Correo_Grupo>
			<Id_Correo_Electronico>4</Id_Correo_Electronico>
		</UpdateGroupMailDetail>
	</content>